<?xml version="1.0" encoding="UTF-8"?>
<testng-results ignored="0" total="1" passed="1" failed="0" skipped="0">
  <reporter-output>
  </reporter-output>
  <suite started-at="2023-01-28T21:44:22 EST" name="Default suite" finished-at="2023-01-28T21:44:23 EST" duration-ms="1352">
    <groups>
    </groups>
    <test started-at="2023-01-28T21:44:22 EST" name="Default test" finished-at="2023-01-28T21:44:23 EST" duration-ms="1352">
      <class name="tests.TestsExamples">
        <test-method signature="test_1()[pri:0, instance:tests.TestsExamples@759d26fb]" started-at="2023-01-28T21:44:22 EST" name="test_1" finished-at="2023-01-28T21:44:23 EST" duration-ms="1312" status="PASS">
          <reporter-output>
          </reporter-output>
        </test-method> <!-- test_1 -->
      </class> <!-- tests.TestsExamples -->
    </test> <!-- Default test -->
  </suite> <!-- Default suite -->
</testng-results>
